android/app/build (# Name clash 2025-09-22 za4nhoC #)/intermediates/manifest_merge_blame_file/release/manifest-merger-blame-release-report.txt
1<?xml version="1.0" encoding="utf-8"?>
2<manifest xmlns:android="http://schemas.android.com/apk/res/android"
3    package="com.ghostcommv2"
4    android:versionCode="1"
5    android:versionName="1.0.0" >
6
7    <uses-sdk
8        android:minSdkVersion="23"
9        android:targetSdkVersion="34" />
10
11    <!-- Core BLE Permissions -->
12    <uses-permission
12-->src\main\AndroidManifest.xml:6:5-68
13        android:name="android.permission.BLUETOOTH"
13-->src\main\AndroidManifest.xml:6:22-65
14        android:maxSdkVersion="30" />
14-->[com.polidea.rxandroidble2:rxandroidble:1.17.2] AndroidManifest.xml:12:9-35
15    <uses-permission
15-->src\main\AndroidManifest.xml:7:5-74
16        android:name="android.permission.BLUETOOTH_ADMIN"
16-->src\main\AndroidManifest.xml:7:22-71
17        android:maxSdkVersion="30" />
17-->[com.polidea.rxandroidble2:rxandroidble:1.17.2] AndroidManifest.xml:15:9-35
18
19    <!-- Android 12+ (API 31+) BLE Permissions -->
20    <uses-permission
20-->src\main\AndroidManifest.xml:10:5-73
21        android:name="android.permission.BLUETOOTH_SCAN"
21-->src\main\AndroidManifest.xml:10:22-70
22        android:usesPermissionFlags="neverForLocation" />
22-->[com.polidea.rxandroidble2:rxandroidble:1.17.2] AndroidManifest.xml:24:9-55
23    <uses-permission android:name="android.permission.BLUETOOTH_ADVERTISE" />
23-->src\main\AndroidManifest.xml:11:5-78
23-->src\main\AndroidManifest.xml:11:22-75
24    <uses-permission android:name="android.permission.BLUETOOTH_CONNECT" />
24-->src\main\AndroidManifest.xml:12:5-76
24-->src\main\AndroidManifest.xml:12:22-73
25
26    <!-- Location permissions (required for BLE scanning on Android 6-11) -->
27    <uses-permission android:name="android.permission.ACCESS_COARSE_LOCATION" />
27-->src\main\AndroidManifest.xml:15:5-81
27-->src\main\AndroidManifest.xml:15:22-78
28    <uses-permission android:name="android.permission.ACCESS_FINE_LOCATION" />
28-->src\main\AndroidManifest.xml:16:5-79
28-->src\main\AndroidManifest.xml:16:22-76
29
30    <!-- Android 10+ background location (if needed for background scanning) -->
31    <uses-permission android:name="android.permission.ACCESS_BACKGROUND_LOCATION" />
31-->src\main\AndroidManifest.xml:19:5-85
31-->src\main\AndroidManifest.xml:19:22-82
32
33    <!-- Wake lock for background operation -->
34    <uses-permission android:name="android.permission.WAKE_LOCK" />
34-->src\main\AndroidManifest.xml:22:5-68
34-->src\main\AndroidManifest.xml:22:22-65
35
36    <!-- Foreground service for persistent operation -->
37    <uses-permission android:name="android.permission.FOREGROUND_SERVICE" />
37-->src\main\AndroidManifest.xml:25:5-77
37-->src\main\AndroidManifest.xml:25:22-74
38
39    <!-- Vibration permission (required for notifications/alerts) -->
40    <uses-permission android:name="android.permission.VIBRATE" />
40-->src\main\AndroidManifest.xml:28:5-66
40-->src\main\AndroidManifest.xml:28:22-63
41
42    <!-- BLE Hardware Features -->
43    <uses-feature
43-->src\main\AndroidManifest.xml:31:5-33:35
44        android:name="android.hardware.bluetooth"
44-->src\main\AndroidManifest.xml:32:9-50
45        android:required="true" />
45-->src\main\AndroidManifest.xml:33:9-32
46    <uses-feature
46-->src\main\AndroidManifest.xml:34:5-36:35
47        android:name="android.hardware.bluetooth_le"
47-->src\main\AndroidManifest.xml:35:9-53
48        android:required="true" />
48-->src\main\AndroidManifest.xml:36:9-32
49    <!-- required for API 23 - 30, no android:maxSdkVersion because of a potential breaking change -->
50    <!-- TODO: add android:maxSdkVersion on 2.0.0 -->
51    <uses-permission-sdk-23 android:name="android.permission.ACCESS_COARSE_LOCATION" />
51-->[com.polidea.rxandroidble2:rxandroidble:1.17.2] AndroidManifest.xml:18:5-88
51-->[com.polidea.rxandroidble2:rxandroidble:1.17.2] AndroidManifest.xml:18:29-85
52    <uses-permission-sdk-23 android:name="android.permission.ACCESS_FINE_LOCATION" />
52-->[com.polidea.rxandroidble2:rxandroidble:1.17.2] AndroidManifest.xml:19:5-86
52-->[com.polidea.rxandroidble2:rxandroidble:1.17.2] AndroidManifest.xml:19:29-83
53
54    <permission
54-->[androidx.core:core:1.9.0] AndroidManifest.xml:22:5-24:47
55        android:name="com.ghostcommv2.DYNAMIC_RECEIVER_NOT_EXPORTED_PERMISSION"
55-->[androidx.core:core:1.9.0] AndroidManifest.xml:23:9-81
56        android:protectionLevel="signature" />
56-->[androidx.core:core:1.9.0] AndroidManifest.xml:24:9-44
57
58    <uses-permission android:name="com.ghostcommv2.DYNAMIC_RECEIVER_NOT_EXPORTED_PERMISSION" />
58-->[androidx.core:core:1.9.0] AndroidManifest.xml:26:5-97
58-->[androidx.core:core:1.9.0] AndroidManifest.xml:26:22-94
59
60    <application
60-->src\main\AndroidManifest.xml:38:5-75:19
61        android:name="com.ghostcommv2.MainApplication"
61-->src\main\AndroidManifest.xml:39:9-40
62        android:allowBackup="false"
62-->src\main\AndroidManifest.xml:42:9-36
63        android:appComponentFactory="androidx.core.app.CoreComponentFactory"
63-->[androidx.core:core:1.9.0] AndroidManifest.xml:28:18-86
64        android:extractNativeLibs="false"
65        android:icon="@mipmap/ic_launcher"
65-->src\main\AndroidManifest.xml:41:9-43
66        android:label="@string/app_name"
66-->src\main\AndroidManifest.xml:40:9-41
67        android:theme="@style/AppTheme"
67-->src\main\AndroidManifest.xml:43:9-40
68        android:usesCleartextTraffic="false" >
68-->src\main\AndroidManifest.xml:44:9-45
69
70        <!-- Main Activity -->
71        <activity
71-->src\main\AndroidManifest.xml:48:9-59:20
72            android:name="com.ghostcommv2.MainActivity"
72-->src\main\AndroidManifest.xml:49:13-41
73            android:configChanges="keyboard|keyboardHidden|orientation|screenLayout|screenSize|smallestScreenSize|uiMode"
73-->src\main\AndroidManifest.xml:51:13-122
74            android:exported="true"
74-->src\main\AndroidManifest.xml:54:13-36
75            android:label="@string/app_name"
75-->src\main\AndroidManifest.xml:50:13-45
76            android:launchMode="singleTask"
76-->src\main\AndroidManifest.xml:52:13-44
77            android:windowSoftInputMode="adjustResize" >
77-->src\main\AndroidManifest.xml:53:13-55
78            <intent-filter>
78-->src\main\AndroidManifest.xml:55:13-58:29
79                <action android:name="android.intent.action.MAIN" />
79-->src\main\AndroidManifest.xml:56:17-69
79-->src\main\AndroidManifest.xml:56:25-66
80
81                <category android:name="android.intent.category.LAUNCHER" />
81-->src\main\AndroidManifest.xml:57:17-77
81-->src\main\AndroidManifest.xml:57:27-74
82            </intent-filter>
83        </activity>
84
85        <!-- Optional: Background BLE Service - Comment out if not implemented yet -->
86        <!--
87        <service
88            android:name=".ble.GhostCommBLEService"
89            android:enabled="true"
90            android:exported="false"
91            android:foregroundServiceType="connectedDevice"
92            tools:targetApi="29">
93            <intent-filter>
94                <action android:name="com.ghostcommv2.BLE_SERVICE" />
95            </intent-filter>
96        </service>
97        -->
98
99        <provider
99-->[androidx.emoji2:emoji2:1.2.0] AndroidManifest.xml:24:9-32:20
100            android:name="androidx.startup.InitializationProvider"
100-->[androidx.emoji2:emoji2:1.2.0] AndroidManifest.xml:25:13-67
101            android:authorities="com.ghostcommv2.androidx-startup"
101-->[androidx.emoji2:emoji2:1.2.0] AndroidManifest.xml:26:13-68
102            android:exported="false" >
102-->[androidx.emoji2:emoji2:1.2.0] AndroidManifest.xml:27:13-37
103            <meta-data
103-->[androidx.emoji2:emoji2:1.2.0] AndroidManifest.xml:29:13-31:52
104                android:name="androidx.emoji2.text.EmojiCompatInitializer"
104-->[androidx.emoji2:emoji2:1.2.0] AndroidManifest.xml:30:17-75
105                android:value="androidx.startup" />
105-->[androidx.emoji2:emoji2:1.2.0] AndroidManifest.xml:31:17-49
106            <meta-data
106-->[androidx.lifecycle:lifecycle-process:2.4.1] AndroidManifest.xml:31:13-33:52
107                android:name="androidx.lifecycle.ProcessLifecycleInitializer"
107-->[androidx.lifecycle:lifecycle-process:2.4.1] AndroidManifest.xml:32:17-78
108                android:value="androidx.startup" />
108-->[androidx.lifecycle:lifecycle-process:2.4.1] AndroidManifest.xml:33:17-49
109        </provider>
110
111        <meta-data
111-->[com.facebook.soloader:soloader:0.10.5] AndroidManifest.xml:12:9-14:37
112            android:name="com.facebook.soloader.enabled"
112-->[com.facebook.soloader:soloader:0.10.5] AndroidManifest.xml:13:13-57
113            android:value="false" />
113-->[com.facebook.soloader:soloader:0.10.5] AndroidManifest.xml:14:13-34
114    </application>
115
116</manifest>